<?xml version="1.0" encoding="UTF-8"?>
<!-- Generated by org.testng.reporters.JUnitXMLReporter -->
<testsuite ignored="0" hostname="DESKTOP-VL55J5V" failures="0" tests="12" name="Surefire test" time="0.087" errors="0" timestamp="2023-07-26T20:32:41 MSK">
  <testcase classname="PersonTest" name="testAge" time="0.019"/>
  <testcase classname="PersonTest" name="testAge" time="0.0"/>
  <testcase classname="PersonTest" name="testAge" time="0.0"/>
  <testcase classname="PersonTest" name="testAge" time="0.0"/>
  <testcase classname="PersonTest" name="testAge" time="0.0"/>
  <testcase classname="PersonTest" name="testAge" time="0.0"/>
  <testcase classname="PersonTest" name="testAge" time="0.0"/>
  <testcase classname="PersonTest" name="testAge" time="0.0"/>
  <testcase classname="PersonTest" name="testAge" time="0.0"/>
  <testcase classname="PersonTest" name="testAge" time="0.0"/>
  <testcase classname="PersonTest" name="testAge" time="0.0"/>
  <testcase classname="PersonTest" name="testAge" time="0.0"/>
</testsuite> <!-- Surefire test -->
